{
  "RSpec": {
    "coverage": {
      "/Users/tomkellett/Coding/Makers/Week10/bank-tech-test/spec/currentaccount_spec.rb": {
        "lines": [
          1,
          null,
          1,
          6,
          6,
          6,
          null,
          1,
          1,
          1,
          null,
          null,
          1,
          4,
          null,
          null,
          1,
          1,
          1,
          null,
          null,
          null,
          1,
          1,
          4,
          null,
          null,
          1,
          1,
          1,
          null,
          null,
          null
        ]
      },
      "/Users/tomkellett/Coding/Makers/Week10/bank-tech-test/lib/currentaccount.rb": {
        "lines": [
          1,
          1,
          null,
          1,
          5,
          5,
          null,
          null,
          1,
          2,
          2,
          null,
          null,
          1,
          2,
          2,
          null,
          null
        ]
      },
      "/Users/tomkellett/Coding/Makers/Week10/bank-tech-test/spec/statement_spec.rb": {
        "lines": [
          1,
          null,
          1,
          2,
          null,
          null,
          null,
          1,
          1,
          null,
          null,
          2,
          null,
          1,
          1,
          1,
          1,
          null,
          null,
          null
        ]
      },
      "/Users/tomkellett/Coding/Makers/Week10/bank-tech-test/lib/statement.rb": {
        "lines": [
          1,
          1,
          null,
          1,
          1,
          null,
          null,
          1,
          1,
          3,
          null,
          null,
          null
        ]
      },
      "/Users/tomkellett/Coding/Makers/Week10/bank-tech-test/spec/transactions_spec.rb": {
        "lines": [
          1,
          1,
          null,
          1,
          6,
          6,
          6,
          null,
          1,
          5,
          5,
          null,
          null,
          1,
          1,
          1,
          null,
          null,
          1,
          1,
          null,
          null,
          1,
          1,
          1,
          1,
          null,
          null,
          1,
          1,
          null,
          null,
          null,
          1,
          1,
          1,
          1,
          null,
          null,
          null
        ]
      },
      "/Users/tomkellett/Coding/Makers/Week10/bank-tech-test/lib/transactions.rb": {
        "lines": [
          1,
          null,
          1,
          1,
          null,
          1,
          5,
          5,
          null,
          null,
          1,
          11,
          11,
          11,
          11,
          null,
          null,
          1,
          0,
          0,
          0,
          null,
          null,
          null,
          1,
          1,
          null,
          null
        ]
      }
    },
    "timestamp": 1637681388
  }
}
